<?xml version="1.0" encoding="UTF-8"?>
<testsuite xmlns:xsi="http://www.w3.org/2001/XMLSchema-instance" xsi:noNamespaceSchemaLocation="https://maven.apache.org/surefire/maven-surefire-plugin/xsd/surefire-test-report.xsd" name="com.example.crudapp.dao.EntityDAOImplTest" time="2.654" tests="13" errors="0" skipped="0" failures="0">
  <properties>
[...]
</properties>
  <testcase name="testAddEntityWithTooLongDescriptionThrowsException" classname="com.example.crudapp.dao.EntityDAOImplTest" time="1.203"/>
  <testcase name="testSearchAndGetCount" classname="com.example.crudapp.dao.EntityDAOImplTest" time="0.422"/>
  <testcase name="testUpdateEntity" classname="com.example.crudapp.dao.EntityDAOImplTest" time="0.126"/>
  <testcase name="testDeleteEntity" classname="com.example.crudapp.dao.EntityDAOImplTest" time="0.139"/>
  <testcase name="testSearchWithDate" classname="com.example.crudapp.dao.EntityDAOImplTest" time="0.179"/>
  <testcase name="testGetNonExistentEntity" classname="com.example.crudapp.dao.EntityDAOImplTest" time="0.046"/>
  <testcase name="testGetAllEntities" classname="com.example.crudapp.dao.EntityDAOImplTest" time="0.116"/>
  <testcase name="testAddEntityWithEmptyNameThrowsException" classname="com.example.crudapp.dao.EntityDAOImplTest" time="0.048"/>
  <testcase name="testAddAndGetEntity" classname="com.example.crudapp.dao.EntityDAOImplTest" time="0.072"/>
  <testcase name="testAddEntityWithNullNameThrowsException" classname="com.example.crudapp.dao.EntityDAOImplTest" time="0.053"/>
  <testcase name="testAddEntityWithTooLongNameThrowsException" classname="com.example.crudapp.dao.EntityDAOImplTest" time="0.066"/>
  <testcase name="testAddEntityWithTooShortNameThrowsException" classname="com.example.crudapp.dao.EntityDAOImplTest" time="0.044"/>
  <testcase name="testModelMethods" classname="com.example.crudapp.dao.EntityDAOImplTest" time="0.052"/>
</testsuite>