<?xml version="1.0" encoding="UTF-8"?>
<testsuite xmlns:xsi="http://www.w3.org/2001/XMLSchema-instance" xsi:noNamespaceSchemaLocation="https://maven.apache.org/surefire/maven-surefire-plugin/xsd/surefire-test-report.xsd" name="com.example.crudapp.dao.EntityDAOImplTest" time="2.68" tests="13" errors="0" skipped="0" failures="0">
  <properties>
[...]
</properties>
  <testcase name="testAddEntityWithTooLongDescriptionThrowsException" classname="com.example.crudapp.dao.EntityDAOImplTest" time="1.033"/>
  <testcase name="testSearchAndGetCount" classname="com.example.crudapp.dao.EntityDAOImplTest" time="0.346"/>
  <testcase name="testUpdateEntity" classname="com.example.crudapp.dao.EntityDAOImplTest" time="0.156"/>
  <testcase name="testDeleteEntity" classname="com.example.crudapp.dao.EntityDAOImplTest" time="0.138"/>
  <testcase name="testSearchWithDate" classname="com.example.crudapp.dao.EntityDAOImplTest" time="0.207"/>
  <testcase name="testGetNonExistentEntity" classname="com.example.crudapp.dao.EntityDAOImplTest" time="0.064"/>
  <testcase name="testGetAllEntities" classname="com.example.crudapp.dao.EntityDAOImplTest" time="0.163"/>
  <testcase name="testAddEntityWithEmptyNameThrowsException" classname="com.example.crudapp.dao.EntityDAOImplTest" time="0.071"/>
  <testcase name="testAddAndGetEntity" classname="com.example.crudapp.dao.EntityDAOImplTest" time="0.093"/>
  <testcase name="testAddEntityWithNullNameThrowsException" classname="com.example.crudapp.dao.EntityDAOImplTest" time="0.075"/>
  <testcase name="testAddEntityWithTooLongNameThrowsException" classname="com.example.crudapp.dao.EntityDAOImplTest" time="0.069"/>
  <testcase name="testAddEntityWithTooShortNameThrowsException" classname="com.example.crudapp.dao.EntityDAOImplTest" time="0.069"/>
  <testcase name="testModelMethods" classname="com.example.crudapp.dao.EntityDAOImplTest" time="0.066"/>
</testsuite>